{"/workspace/exercise-unit-test-with-jest/app.js": {"path":"/workspace/exercise-unit-test-with-jest/app.js","statementMap":{"0":{"start":{"line":1,"column":12},"end":{"line":1,"column":24}},"1":{"start":{"line":1,"column":21},"end":{"line":1,"column":24}},"2":{"start":{"line":3,"column":16},"end":{"line":7,"column":1}},"3":{"start":{"line":10,"column":24},"end":{"line":14,"column":1}},"4":{"start":{"line":11,"column":16},"end":{"line":11,"column":38}},"5":{"start":{"line":12,"column":16},"end":{"line":12,"column":37}},"6":{"start":{"line":13,"column":4},"end":{"line":13,"column":33}},"7":{"start":{"line":16,"column":25},"end":{"line":19,"column":1}},"8":{"start":{"line":17,"column":4},"end":{"line":17,"column":31}},"9":{"start":{"line":21,"column":23},"end":{"line":25,"column":1}},"10":{"start":{"line":22,"column":16},"end":{"line":22,"column":35}},"11":{"start":{"line":23,"column":17},"end":{"line":23,"column":38}},"12":{"start":{"line":24,"column":4},"end":{"line":24,"column":35}},"13":{"start":{"line":27,"column":0},"end":{"line":27,"column":74}}},"fnMap":{"0":{"name":"(anonymous_0)","decl":{"start":{"line":1,"column":12},"end":{"line":1,"column":13}},"loc":{"start":{"line":1,"column":21},"end":{"line":1,"column":24}},"line":1},"1":{"name":"(anonymous_1)","decl":{"start":{"line":10,"column":24},"end":{"line":10,"column":25}},"loc":{"start":{"line":10,"column":36},"end":{"line":14,"column":1}},"line":10},"2":{"name":"(anonymous_2)","decl":{"start":{"line":16,"column":25},"end":{"line":16,"column":26}},"loc":{"start":{"line":16,"column":35},"end":{"line":19,"column":1}},"line":16},"3":{"name":"(anonymous_3)","decl":{"start":{"line":21,"column":23},"end":{"line":21,"column":24}},"loc":{"start":{"line":21,"column":32},"end":{"line":25,"column":1}},"line":21}},"branchMap":{},"s":{"0":1,"1":1,"2":1,"3":1,"4":1,"5":1,"6":1,"7":1,"8":1,"9":1,"10":1,"11":1,"12":1,"13":1},"f":{"0":1,"1":1,"2":1,"3":1},"b":{},"_coverageSchema":"1a1c01bbd47fc00a2c39e90264f33305004495a9","hash":"547e6673d7ae762c9cecad75cdf26d92040a589d"}
}
